::1 - - [19/Nov/2025:17:39:33 +0000] "DELETE /api/v1/user/freeze-account HTTP/1.1" 500 770 "-" "PostmanRuntime/7.49.1"
::1 - - [19/Nov/2025:17:39:42 +0000] "DELETE /api/v1/user/freeze-account HTTP/1.1" 200 1355 "-" "PostmanRuntime/7.49.1"
::1 - - [19/Nov/2025:17:40:45 +0000] "DELETE /api/v1/user/%7B:userId%7Dfreeze-account HTTP/1.1" 404 181 "-" "PostmanRuntime/7.49.1"
::1 - - [19/Nov/2025:17:40:48 +0000] "DELETE /api/v1/user/%7B:6919f0134aeb01cadf951024%7Dfreeze-account HTTP/1.1" 404 199 "-" "PostmanRuntime/7.49.1"
::1 - - [19/Nov/2025:17:40:49 +0000] "DELETE /api/v1/user/%7B:6919f0134aeb01cadf951024%7Dfreeze-account HTTP/1.1" 404 199 "-" "PostmanRuntime/7.49.1"
::1 - - [19/Nov/2025:17:40:54 +0000] "DELETE /api/v1/user/%7B:6919f0134aeb01cadf951024%7D HTTP/1.1" 404 185 "-" "PostmanRuntime/7.49.1"
::1 - - [19/Nov/2025:17:40:55 +0000] "DELETE /api/v1/user/%7B:6919f0134aeb01cadf951024%7D HTTP/1.1" 404 185 "-" "PostmanRuntime/7.49.1"
::1 - - [19/Nov/2025:17:41:07 +0000] "DELETE /api/v1/user/6919f0134aeb01cadf951024 HTTP/1.1" 404 178 "-" "PostmanRuntime/7.49.1"
::1 - - [19/Nov/2025:17:41:47 +0000] "DELETE /api/v1/user/6919f0134aeb01cadf951024/freeze-account HTTP/1.1" 400 278 "-" "PostmanRuntime/7.49.1"
::1 - - [22/Nov/2025:18:35:34 +0000] "PATCH /api/v1/user/6919f0134aeb01cadf951024/restore-account HTTP/1.1" 500 758 "-" "PostmanRuntime/7.49.1"
::1 - - [22/Nov/2025:18:36:18 +0000] "PATCH /api/v1/user/6919f0134aeb01cadf951024/restore-account HTTP/1.1" 400 278 "-" "PostmanRuntime/7.49.1"
::1 - - [22/Nov/2025:18:38:11 +0000] "PATCH /api/v1/user/6919f0134aeb01cadf951024/restore-account HTTP/1.1" 500 1188 "-" "PostmanRuntime/7.49.1"
::1 - - [22/Nov/2025:18:38:20 +0000] "PATCH /api/v1/user/6919f0134aeb01cadf951024/restore-account HTTP/1.1" 400 278 "-" "PostmanRuntime/7.49.1"
::1 - - [22/Nov/2025:18:38:53 +0000] "PATCH /api/v1/user/6919f0134aeb01cadf951024/restore-account HTTP/1.1" 400 278 "-" "PostmanRuntime/7.49.1"
::1 - - [22/Nov/2025:18:40:46 +0000] "DELETE /api/v1/user/6919f0134aeb01cadf951024/freeze-account HTTP/1.1" 400 278 "-" "PostmanRuntime/7.49.1"
::1 - - [22/Nov/2025:18:40:57 +0000] "DELETE /api/v1/user/6922036815ff7fba26432f06/freeze-account HTTP/1.1" 400 278 "-" "PostmanRuntime/7.49.1"
::1 - - [22/Nov/2025:18:41:00 +0000] "DELETE /api/v1/user/6922036815ff7fba26432f06/freeze-account HTTP/1.1" 400 278 "-" "PostmanRuntime/7.49.1"
::1 - - [22/Nov/2025:18:41:23 +0000] "DELETE /api/v1/user/6922036815ff7fba26432f06/freeze-account HTTP/1.1" 400 278 "-" "PostmanRuntime/7.49.1"
::1 - - [22/Nov/2025:18:41:32 +0000] "DELETE /api/v1/user/6922036815ff7fba26432f06/freeze-account HTTP/1.1" 500 770 "-" "PostmanRuntime/7.49.1"
::1 - - [22/Nov/2025:18:41:44 +0000] "DELETE /api/v1/user/6922036815ff7fba26432f06/freeze-account HTTP/1.1" 400 278 "-" "PostmanRuntime/7.49.1"
::1 - - [22/Nov/2025:18:42:16 +0000] "DELETE /api/v1/user/6922036815ff7fba26432f06/freeze-account HTTP/1.1" 400 278 "-" "PostmanRuntime/7.49.1"
::1 - - [22/Nov/2025:18:42:38 +0000] "DELETE /api/v1/user/6922036815ff7fba26432f06/freeze-account HTTP/1.1" 400 278 "-" "PostmanRuntime/7.49.1"
::1 - - [22/Nov/2025:18:43:07 +0000] "DELETE /api/v1/user/6922036815ff7fba26432f06/freeze-account HTTP/1.1" 400 278 "-" "PostmanRuntime/7.49.1"
::1 - - [22/Nov/2025:18:43:12 +0000] "DELETE /api/v1/user/6922036815ff7fba26432f06/freeze-account HTTP/1.1" 400 278 "-" "PostmanRuntime/7.49.1"
::1 - - [22/Nov/2025:18:44:19 +0000] "DELETE /api/v1/user/6922036815ff7fba26432f06/freeze-account HTTP/1.1" 400 278 "-" "PostmanRuntime/7.49.1"
::1 - - [22/Nov/2025:18:44:59 +0000] "DELETE /api/v1/user/6922036815ff7fba26432f06/freeze-account HTTP/1.1" 400 278 "-" "PostmanRuntime/7.49.1"
::1 - - [22/Nov/2025:18:45:43 +0000] "DELETE /api/v1/user/6922036815ff7fba26432f06/freeze-account HTTP/1.1" 400 278 "-" "PostmanRuntime/7.49.1"
::1 - - [22/Nov/2025:18:46:15 +0000] "DELETE /api/v1/user/6922036815ff7fba26432f06/freeze-account HTTP/1.1" 400 278 "-" "PostmanRuntime/7.49.1"
::1 - - [22/Nov/2025:18:51:08 +0000] "DELETE /api/v1/user/freeze-account HTTP/1.1" 200 1120 "-" "PostmanRuntime/7.49.1"
::1 - - [22/Nov/2025:18:51:35 +0000] "PATCH /api/v1/user/6919f0134aeb01cadf951024/restore-account HTTP/1.1" 404 395 "-" "PostmanRuntime/7.49.1"
::1 - - [22/Nov/2025:18:51:46 +0000] "PATCH /api/v1/user/6922036815ff7fba26432f06/restore-account HTTP/1.1" 404 395 "-" "PostmanRuntime/7.49.1"
::1 - - [22/Nov/2025:18:51:49 +0000] "PATCH /api/v1/user/6922036815ff7fba26432f06/restore-account HTTP/1.1" 404 395 "-" "PostmanRuntime/7.49.1"
::1 - - [22/Nov/2025:18:51:57 +0000] "PATCH /api/v1/user/restore-account HTTP/1.1" 404 168 "-" "PostmanRuntime/7.49.1"
::1 - - [22/Nov/2025:18:51:59 +0000] "PATCH /api/v1/user/restore-account HTTP/1.1" 404 168 "-" "PostmanRuntime/7.49.1"
::1 - - [22/Nov/2025:18:52:07 +0000] "PATCH /api/v1/user/6922036815ff7fba26432f06/restore-account HTTP/1.1" 404 395 "-" "PostmanRuntime/7.49.1"
::1 - - [22/Nov/2025:18:52:27 +0000] "PATCH /api/v1/user/6922036815ff7fba26432f06/restore-account HTTP/1.1" 404 395 "-" "PostmanRuntime/7.49.1"
::1 - - [22/Nov/2025:18:52:54 +0000] "PATCH /api/v1/user/6922036815ff7fba26432f06/restore-account HTTP/1.1" 400 278 "-" "PostmanRuntime/7.49.1"
::1 - - [22/Nov/2025:18:53:04 +0000] "PATCH /api/v1/user/6922036815ff7fba26432f06/ HTTP/1.1" 404 178 "-" "PostmanRuntime/7.49.1"
::1 - - [22/Nov/2025:18:53:06 +0000] "PATCH /api/v1/user/6922036815ff7fba26432f06/ HTTP/1.1" 404 178 "-" "PostmanRuntime/7.49.1"
::1 - - [22/Nov/2025:18:54:01 +0000] "PATCH /api/v1/user/6922036815ff7fba26432f06/ HTTP/1.1" 404 178 "-" "PostmanRuntime/7.49.1"
::1 - - [22/Nov/2025:18:54:22 +0000] "PATCH /api/v1/user/6922036815ff7fba26432f06/restore-account HTTP/1.1" 400 278 "-" "PostmanRuntime/7.49.1"
::1 - - [22/Nov/2025:18:54:29 +0000] "PATCH /api/v1/user/restore-account HTTP/1.1" 400 192 "-" "PostmanRuntime/7.49.1"
::1 - - [22/Nov/2025:18:54:56 +0000] "PATCH /api/v1/user/6922036815ff7fba26432f06/restore-account HTTP/1.1" 400 278 "-" "PostmanRuntime/7.49.1"
::1 - - [22/Nov/2025:18:56:28 +0000] "PATCH /api/v1/user/6922036815ff7fba26432f06/restore-account HTTP/1.1" 400 278 "-" "PostmanRuntime/7.49.1"
::1 - - [22/Nov/2025:18:56:33 +0000] "PATCH /api/v1/user/6922036815ff7fba26432f06/restore-account HTTP/1.1" 400 278 "-" "PostmanRuntime/7.49.1"
::1 - - [22/Nov/2025:18:57:14 +0000] "PATCH /api/v1/user/6922036815ff7fba26432f06/restore-account HTTP/1.1" 400 278 "-" "PostmanRuntime/7.49.1"
::1 - - [22/Nov/2025:18:57:41 +0000] "PATCH /api/v1/user/restore-account HTTP/1.1" 400 192 "-" "PostmanRuntime/7.49.1"
::1 - - [22/Nov/2025:18:57:43 +0000] "PATCH /api/v1/user/restore-account HTTP/1.1" 400 192 "-" "PostmanRuntime/7.49.1"
::1 - - [22/Nov/2025:18:58:25 +0000] "PATCH /api/v1/user/restore-account HTTP/1.1" 200 1123 "-" "PostmanRuntime/7.49.1"
::1 - - [22/Nov/2025:19:01:54 +0000] "PATCH /api/v1/user/restore-account HTTP/1.1" 500 296 "-" "PostmanRuntime/7.49.1"
::1 - - [22/Nov/2025:19:12:54 +0000] "DELETE /api/v1/user/6919f0134aeb01cadf951024/freeze-account HTTP/1.1" 500 758 "-" "PostmanRuntime/7.49.1"
::1 - - [22/Nov/2025:19:13:26 +0000] "DELETE /api/v1/user/6919f0134aeb01cadf951024/freeze-account HTTP/1.1" 500 770 "-" "PostmanRuntime/7.49.1"
::1 - - [22/Nov/2025:19:13:34 +0000] "DELETE /api/v1/user/6919f0134aeb01cadf951024/freeze-account HTTP/1.1" 400 278 "-" "PostmanRuntime/7.49.1"
::1 - - [22/Nov/2025:19:14:23 +0000] "DELETE /api/v1/user/6919f0134aeb01cadf951024/freeze-account HTTP/1.1" 400 278 "-" "PostmanRuntime/7.49.1"
::1 - - [22/Nov/2025:19:14:54 +0000] "DELETE /api/v1/user/6919f0134aeb01cadf951024/freeze-account HTTP/1.1" 400 278 "-" "PostmanRuntime/7.49.1"
::1 - - [22/Nov/2025:19:18:07 +0000] "DELETE /api/v1/user/6919f0134aeb01cadf951024/delete-account HTTP/1.1" 400 278 "-" "PostmanRuntime/7.49.1"
::1 - - [22/Nov/2025:19:18:36 +0000] "DELETE /api/v1/user/6922036815ff7fba26432f06/delete-account HTTP/1.1" 400 278 "-" "PostmanRuntime/7.49.1"
::1 - - [22/Nov/2025:19:18:41 +0000] "DELETE /api/v1/user/delete-account HTTP/1.1" 500 295 "-" "PostmanRuntime/7.49.1"
::1 - - [22/Nov/2025:19:18:51 +0000] "DELETE /api/v1/user/delete-account HTTP/1.1" 500 295 "-" "PostmanRuntime/7.49.1"
::1 - - [22/Nov/2025:19:19:04 +0000] "DELETE /api/v1/user/freeze-account HTTP/1.1" 200 1200 "-" "PostmanRuntime/7.49.1"
::1 - - [22/Nov/2025:19:19:11 +0000] "DELETE /api/v1/user/delete-account HTTP/1.1" 200 55 "-" "PostmanRuntime/7.49.1"
::1 - - [22/Nov/2025:19:34:45 +0000] "DELETE /api/v1/user/freeze-account HTTP/1.1" 500 854 "-" "PostmanRuntime/7.49.1"
::1 - - [22/Nov/2025:19:34:59 +0000] "DELETE /api/v1/user/freeze-account HTTP/1.1" 500 854 "-" "PostmanRuntime/7.49.1"
::1 - - [22/Nov/2025:19:35:06 +0000] "DELETE /api/v1/user/freeze-account HTTP/1.1" 500 854 "-" "PostmanRuntime/7.49.1"
::1 - - [22/Nov/2025:19:35:15 +0000] "DELETE /api/v1/user/freeze-account HTTP/1.1" 200 1120 "-" "PostmanRuntime/7.49.1"
::1 - - [22/Nov/2025:19:35:26 +0000] "PATCH /api/v1/user/restore-account HTTP/1.1" 500 387 "-" "PostmanRuntime/7.49.1"
::1 - - [22/Nov/2025:19:36:06 +0000] "PATCH /api/v1/user/restore-account HTTP/1.1" 200 1123 "-" "PostmanRuntime/7.49.1"
::1 - - [22/Nov/2025:19:36:14 +0000] "PATCH /api/v1/user/restore-account HTTP/1.1" 500 332 "-" "PostmanRuntime/7.49.1"
